0 info it worked if it ends with ok
1 verbose cli [ 'c:\\Program Files (x86)\\nodejs\\node.exe',
1 verbose cli   'c:\\Program Files (x86)\\nodejs\\node_modules\\npm\\bin\\npm-cli.js',
1 verbose cli   'run',
1 verbose cli   'lint-fix' ]
2 info using npm@3.9.3
3 info using node@v5.1.1
4 verbose run-script [ 'prelint-fix', 'lint-fix', 'postlint-fix' ]
5 info lifecycle eslint-plugin-destructuring@2.0.0~prelint-fix: eslint-plugin-destructuring@2.0.0
6 silly lifecycle eslint-plugin-destructuring@2.0.0~prelint-fix: no script for prelint-fix, continuing
7 info lifecycle eslint-plugin-destructuring@2.0.0~lint-fix: eslint-plugin-destructuring@2.0.0
8 verbose lifecycle eslint-plugin-destructuring@2.0.0~lint-fix: unsafe-perm in lifecycle true
9 verbose lifecycle eslint-plugin-destructuring@2.0.0~lint-fix: PATH: c:\Program Files (x86)\nodejs\node_modules\npm\bin\node-gyp-bin;c:\git\eslint-plugin-destructuring\node_modules\.bin;c:\Program Files (x86)\nodejs;c:\Users\Luke\bin;.;C:\Program Files (x86)\Git\local\bin;C:\Program Files (x86)\Git\mingw\bin;C:\Program Files (x86)\Git\bin;c:\Program Files (x86)\NVIDIA Corporation\PhysX\Common;c:\Program Files\Common Files\Microsoft Shared\Windows Live;c:\Program Files (x86)\Common Files\Microsoft Shared\Windows Live;c:\Program Files (x86)\AMD APP\bin\x86_64;c:\Program Files (x86)\AMD APP\bin\x86;c:\WINDOWS\system32;c:\WINDOWS;c:\WINDOWS\System32\Wbem;c:\Program Files (x86)\ATI Technologies\ATI.ACE\Core-Static;c:\Program Files\Sony\VAIO Improvement\;c:\Program Files (x86)\Sony\VAIO Startup Setting Tool;c:\Program Files (x86)\Windows Live\Shared;c:\Program Files\Intel\WiFi\bin\;c:\Program Files\Common Files\Intel\WirelessCommon\;c:\Program Files (x86)\Microsoft ASP.NET\ASP.NET Web Pages\v1.0\;c:\Program Files (x86)\Microsoft Team Foundation Server 2010 Power Tools\;c:\Program Files (x86)\Microsoft Team Foundation Server 2010 Power Tools\Best Practices Analyzer\;c:\Program Files\Microsoft\Web Platform Installer\;c:\Program Files (x86)\Heroku\bin;c:\Program Files (x86)\ruby-1.9.2\bin;C:\Program Files (x86)\Git\bin;C:\Program Files (x86)\Git\cmd;c:\phantomjs;c:\WINDOWS\System32\WindowsPowerShell\v1.0\;c:\Program Files (x86)\Bitvise SSH Client;c:\Program Files (x86)\Calibre2\;c:\Program Files (x86)\Windows Kits\8.1\Windows Performance Toolkit\;c:\Program Files\Microsoft SQL Server\120\Tools\Binn\;c:\Program Files (x86)\Windows Kits\8.0\Windows Performance Toolkit\;c:\WINDOWS\System32\WindowsPowerShell\v1.0\;c:\Program Files (x86)\nodejs\;c:\Program Files (x86)\Skype\Phone\;c:\Program Files (x86)\ATI Technologies\ATI.ACE\Core-Static;c:\Program Files\Intel\WiFi\bin\;c:\Program Files\Common Files\Intel\WirelessCommon\;C:\Program Files (x86)\Git\bin;c:\Program Files (x86)\KDiff3;c:\git\dotless\src\dotless.Compiler\bin\Debug;c:\Python27\Scripts;c:\Users\Luke\AppData\Local\atom\bin;c:\Program Files (x86)\HMA! Pro VPN\bin;c:\Users\Luke\AppData\Roaming\npm;c:\Users\Luke\AppData\Local\atom\bin
10 verbose lifecycle eslint-plugin-destructuring@2.0.0~lint-fix: CWD: c:\git\eslint-plugin-destructuring
11 silly lifecycle eslint-plugin-destructuring@2.0.0~lint-fix: Args: [ '/d /s /c', 'eslint --fix ./' ]
12 silly lifecycle eslint-plugin-destructuring@2.0.0~lint-fix: Returned: code: 1  signal: null
13 info lifecycle eslint-plugin-destructuring@2.0.0~lint-fix: Failed to exec lint-fix script
14 verbose stack Error: eslint-plugin-destructuring@2.0.0 lint-fix: `eslint --fix ./`
14 verbose stack Exit status 1
14 verbose stack     at EventEmitter.<anonymous> (c:\Program Files (x86)\nodejs\node_modules\npm\lib\utils\lifecycle.js:245:16)
14 verbose stack     at emitTwo (events.js:87:13)
14 verbose stack     at EventEmitter.emit (events.js:172:7)
14 verbose stack     at ChildProcess.<anonymous> (c:\Program Files (x86)\nodejs\node_modules\npm\lib\utils\spawn.js:24:14)
14 verbose stack     at emitTwo (events.js:87:13)
14 verbose stack     at ChildProcess.emit (events.js:172:7)
14 verbose stack     at maybeClose (internal/child_process.js:818:16)
14 verbose stack     at Process.ChildProcess._handle.onexit (internal/child_process.js:211:5)
15 verbose pkgid eslint-plugin-destructuring@2.0.0
16 verbose cwd c:\git\eslint-plugin-destructuring
17 error Windows_NT 10.0.10586
18 error argv "c:\\Program Files (x86)\\nodejs\\node.exe" "c:\\Program Files (x86)\\nodejs\\node_modules\\npm\\bin\\npm-cli.js" "run" "lint-fix"
19 error node v5.1.1
20 error npm  v3.9.3
21 error code ELIFECYCLE
22 error eslint-plugin-destructuring@2.0.0 lint-fix: `eslint --fix ./`
22 error Exit status 1
23 error Failed at the eslint-plugin-destructuring@2.0.0 lint-fix script 'eslint --fix ./'.
23 error Make sure you have the latest version of node.js and npm installed.
23 error If you do, this is most likely a problem with the eslint-plugin-destructuring package,
23 error not with npm itself.
23 error Tell the author that this fails on your system:
23 error     eslint --fix ./
23 error You can get information on how to open an issue for this project with:
23 error     npm bugs eslint-plugin-destructuring
23 error Or if that isn't available, you can get their info via:
23 error     npm owner ls eslint-plugin-destructuring
23 error There is likely additional logging output above.
24 verbose exit [ 1, true ]
